<?xml version="1.0" encoding="UTF-8"?>
<!-- Generated by org.testng.reporters.JUnitXMLReporter -->
<testsuite ignored="0" hostname="DESKTOP-7EUDCAL" failures="0" tests="4" name="Test" time="19.759" errors="0" timestamp="2023-02-22T20:27:19 GMT-05:00">
  <testcase classname="testCases.LoginTest" name="invalidlogin" time="0.809"/>
  <testcase classname="testCases.LoginTest" name="login" time="1.436"/>
  <testcase classname="testCases.LogoutTest" name="logout" time="1.414"/>
  <testcase classname="testCases.AddToCartTest" name="addtocart" time="1.243"/>
</testsuite> <!-- Test -->
