<?xml version="1.0" encoding="UTF-8"?>
<!-- Generated by org.testng.reporters.JUnitXMLReporter -->
<testsuite ignored="0" hostname="DESKTOP-7EUDCAL" failures="0" tests="4" name="Test" time="12.963" errors="0" timestamp="2023-02-21T21:10:24 GMT-05:00">
  <testcase classname="testCases.LoginTest" name="invalidlogin" time="0.368"/>
  <testcase classname="testCases.LoginTest" name="login" time="0.423"/>
  <testcase classname="testCases.LogoutTest" name="logout" time="0.935"/>
  <testcase classname="testCases.AddToCartTest" name="addtocart" time="0.836"/>
</testsuite> <!-- Test -->
