<?xml version="1.0" encoding="UTF-8"?>
<testng-results ignored="0" total="4" passed="4" failed="0" skipped="0">
  <reporter-output>
  </reporter-output>
  <suite started-at="2023-02-21T21:10:11 GMT-05:00" name="Suite" finished-at="2023-02-21T21:10:24 GMT-05:00" duration-ms="12963">
    <groups>
    </groups>
    <test started-at="2023-02-21T21:10:11 GMT-05:00" name="Test" finished-at="2023-02-21T21:10:24 GMT-05:00" duration-ms="12963">
      <class name="testCases.LogoutTest">
        <test-method is-config="true" signature="intial()[pri:0, instance:testCases.LogoutTest@e350b40]" started-at="2023-02-21T21:10:18 GMT-05:00" name="intial" finished-at="2023-02-21T21:10:20 GMT-05:00" duration-ms="1950" status="PASS">
          <reporter-output>
          </reporter-output>
        </test-method> <!-- intial -->
        <test-method signature="logout()[pri:0, instance:testCases.LogoutTest@e350b40]" started-at="2023-02-21T21:10:20 GMT-05:00" name="logout" finished-at="2023-02-21T21:10:21 GMT-05:00" duration-ms="935" status="PASS">
          <reporter-output>
          </reporter-output>
        </test-method> <!-- logout -->
        <test-method is-config="true" signature="teardown()[pri:0, instance:testCases.LogoutTest@e350b40]" started-at="2023-02-21T21:10:21 GMT-05:00" name="teardown" finished-at="2023-02-21T21:10:21 GMT-05:00" duration-ms="247" status="PASS">
          <reporter-output>
          </reporter-output>
        </test-method> <!-- teardown -->
      </class> <!-- testCases.LogoutTest -->
      <class name="testCases.LoginTest">
        <test-method is-config="true" signature="intial()[pri:0, instance:testCases.LoginTest@1b11171f]" started-at="2023-02-21T21:10:11 GMT-05:00" name="intial" finished-at="2023-02-21T21:10:15 GMT-05:00" duration-ms="3452" status="PASS">
          <reporter-output>
          </reporter-output>
        </test-method> <!-- intial -->
        <test-method signature="invalidlogin()[pri:0, instance:testCases.LoginTest@1b11171f]" started-at="2023-02-21T21:10:15 GMT-05:00" name="invalidlogin" finished-at="2023-02-21T21:10:15 GMT-05:00" duration-ms="368" status="PASS">
          <reporter-output>
          </reporter-output>
        </test-method> <!-- invalidlogin -->
        <test-method is-config="true" signature="teardown()[pri:0, instance:testCases.LoginTest@1b11171f]" started-at="2023-02-21T21:10:15 GMT-05:00" name="teardown" finished-at="2023-02-21T21:10:15 GMT-05:00" duration-ms="258" status="PASS">
          <reporter-output>
          </reporter-output>
        </test-method> <!-- teardown -->
        <test-method is-config="true" signature="intial()[pri:0, instance:testCases.LoginTest@1b11171f]" started-at="2023-02-21T21:10:15 GMT-05:00" name="intial" finished-at="2023-02-21T21:10:17 GMT-05:00" duration-ms="1884" status="PASS">
          <reporter-output>
          </reporter-output>
        </test-method> <!-- intial -->
        <test-method signature="login()[pri:0, instance:testCases.LoginTest@1b11171f]" started-at="2023-02-21T21:10:17 GMT-05:00" name="login" finished-at="2023-02-21T21:10:18 GMT-05:00" duration-ms="423" status="PASS">
          <reporter-output>
          </reporter-output>
        </test-method> <!-- login -->
        <test-method is-config="true" signature="teardown()[pri:0, instance:testCases.LoginTest@1b11171f]" started-at="2023-02-21T21:10:18 GMT-05:00" name="teardown" finished-at="2023-02-21T21:10:18 GMT-05:00" duration-ms="334" status="PASS">
          <reporter-output>
          </reporter-output>
        </test-method> <!-- teardown -->
      </class> <!-- testCases.LoginTest -->
      <class name="testCases.AddToCartTest">
        <test-method is-config="true" signature="intial()[pri:0, instance:testCases.AddToCartTest@41a0aa7d]" started-at="2023-02-21T21:10:21 GMT-05:00" name="intial" finished-at="2023-02-21T21:10:23 GMT-05:00" duration-ms="1938" status="PASS">
          <reporter-output>
          </reporter-output>
        </test-method> <!-- intial -->
        <test-method signature="addtocart()[pri:0, instance:testCases.AddToCartTest@41a0aa7d]" started-at="2023-02-21T21:10:23 GMT-05:00" name="addtocart" finished-at="2023-02-21T21:10:24 GMT-05:00" duration-ms="836" status="PASS">
          <reporter-output>
          </reporter-output>
        </test-method> <!-- addtocart -->
        <test-method is-config="true" signature="teardown()[pri:0, instance:testCases.AddToCartTest@41a0aa7d]" started-at="2023-02-21T21:10:24 GMT-05:00" name="teardown" finished-at="2023-02-21T21:10:24 GMT-05:00" duration-ms="253" status="PASS">
          <reporter-output>
          </reporter-output>
        </test-method> <!-- teardown -->
      </class> <!-- testCases.AddToCartTest -->
    </test> <!-- Test -->
  </suite> <!-- Suite -->
</testng-results>
