<?xml version="1.0" encoding="UTF-8"?>
<testng-results ignored="0" total="4" passed="4" failed="0" skipped="0">
  <reporter-output>
  </reporter-output>
  <suite started-at="2023-02-22T20:27:00 GMT-05:00" name="Suite" finished-at="2023-02-22T20:27:19 GMT-05:00" duration-ms="19759">
    <groups>
    </groups>
    <test started-at="2023-02-22T20:27:00 GMT-05:00" name="Test" finished-at="2023-02-22T20:27:19 GMT-05:00" duration-ms="19759">
      <class name="testCases.LogoutTest">
        <test-method is-config="true" signature="intial()[pri:0, instance:testCases.LogoutTest@e350b40]" started-at="2023-02-22T20:27:11 GMT-05:00" name="intial" finished-at="2023-02-22T20:27:14 GMT-05:00" duration-ms="2448" status="PASS">
          <reporter-output>
          </reporter-output>
        </test-method> <!-- intial -->
        <test-method signature="logout()[pri:0, instance:testCases.LogoutTest@e350b40]" started-at="2023-02-22T20:27:14 GMT-05:00" name="logout" finished-at="2023-02-22T20:27:15 GMT-05:00" duration-ms="1414" status="PASS">
          <reporter-output>
          </reporter-output>
        </test-method> <!-- logout -->
        <test-method is-config="true" signature="teardown()[pri:0, instance:testCases.LogoutTest@e350b40]" started-at="2023-02-22T20:27:15 GMT-05:00" name="teardown" finished-at="2023-02-22T20:27:16 GMT-05:00" duration-ms="376" status="PASS">
          <reporter-output>
          </reporter-output>
        </test-method> <!-- teardown -->
      </class> <!-- testCases.LogoutTest -->
      <class name="testCases.LoginTest">
        <test-method is-config="true" signature="intial()[pri:0, instance:testCases.LoginTest@1b11171f]" started-at="2023-02-22T20:27:00 GMT-05:00" name="intial" finished-at="2023-02-22T20:27:06 GMT-05:00" duration-ms="6218" status="PASS">
          <reporter-output>
          </reporter-output>
        </test-method> <!-- intial -->
        <test-method signature="invalidlogin()[pri:0, instance:testCases.LoginTest@1b11171f]" started-at="2023-02-22T20:27:06 GMT-05:00" name="invalidlogin" finished-at="2023-02-22T20:27:07 GMT-05:00" duration-ms="809" status="PASS">
          <reporter-output>
          </reporter-output>
        </test-method> <!-- invalidlogin -->
        <test-method is-config="true" signature="teardown()[pri:0, instance:testCases.LoginTest@1b11171f]" started-at="2023-02-22T20:27:07 GMT-05:00" name="teardown" finished-at="2023-02-22T20:27:07 GMT-05:00" duration-ms="396" status="PASS">
          <reporter-output>
          </reporter-output>
        </test-method> <!-- teardown -->
        <test-method is-config="true" signature="intial()[pri:0, instance:testCases.LoginTest@1b11171f]" started-at="2023-02-22T20:27:07 GMT-05:00" name="intial" finished-at="2023-02-22T20:27:10 GMT-05:00" duration-ms="2286" status="PASS">
          <reporter-output>
          </reporter-output>
        </test-method> <!-- intial -->
        <test-method signature="login()[pri:0, instance:testCases.LoginTest@1b11171f]" started-at="2023-02-22T20:27:10 GMT-05:00" name="login" finished-at="2023-02-22T20:27:11 GMT-05:00" duration-ms="1436" status="PASS">
          <reporter-output>
          </reporter-output>
        </test-method> <!-- login -->
        <test-method is-config="true" signature="teardown()[pri:0, instance:testCases.LoginTest@1b11171f]" started-at="2023-02-22T20:27:11 GMT-05:00" name="teardown" finished-at="2023-02-22T20:27:11 GMT-05:00" duration-ms="364" status="PASS">
          <reporter-output>
          </reporter-output>
        </test-method> <!-- teardown -->
      </class> <!-- testCases.LoginTest -->
      <class name="testCases.AddToCartTest">
        <test-method is-config="true" signature="intial()[pri:0, instance:testCases.AddToCartTest@41a0aa7d]" started-at="2023-02-22T20:27:16 GMT-05:00" name="intial" finished-at="2023-02-22T20:27:18 GMT-05:00" duration-ms="2201" status="PASS">
          <reporter-output>
          </reporter-output>
        </test-method> <!-- intial -->
        <test-method signature="addtocart()[pri:0, instance:testCases.AddToCartTest@41a0aa7d]" started-at="2023-02-22T20:27:18 GMT-05:00" name="addtocart" finished-at="2023-02-22T20:27:19 GMT-05:00" duration-ms="1243" status="PASS">
          <reporter-output>
          </reporter-output>
        </test-method> <!-- addtocart -->
        <test-method is-config="true" signature="teardown()[pri:0, instance:testCases.AddToCartTest@41a0aa7d]" started-at="2023-02-22T20:27:19 GMT-05:00" name="teardown" finished-at="2023-02-22T20:27:19 GMT-05:00" duration-ms="371" status="PASS">
          <reporter-output>
          </reporter-output>
        </test-method> <!-- teardown -->
      </class> <!-- testCases.AddToCartTest -->
    </test> <!-- Test -->
  </suite> <!-- Suite -->
</testng-results>
