<?xml version="1.0" encoding="UTF-8"?>
<!-- Generated by org.testng.reporters.JUnitXMLReporter -->
<testsuite ignored="0" hostname="DESKTOP-7EUDCAL" failures="0" tests="4" name="SauceTest" time="20.996" errors="0" timestamp="2023-02-20T20:57:36 GMT-05:00">
  <testcase classname="TestCases.OrderTest" name="order" time="7.093"/>
  <testcase classname="TestCases.AddToCartTest" name="addotcart" time="4.848"/>
  <testcase classname="TestCases.LoginTest" name="invalidlogin" time="4.438"/>
  <testcase classname="TestCases.LoginTest" name="validlogin" time="4.53"/>
</testsuite> <!-- SauceTest -->
